<?xml version="1.0" encoding="UTF-8"?>
<testsuite xmlns:xsi="http://www.w3.org/2001/XMLSchema-instance" xsi:noNamespaceSchemaLocation="https://maven.apache.org/surefire/maven-surefire-plugin/xsd/surefire-test-report.xsd" version="3.0.2" name="com.raymundo.tareas.TareasApplicationTests" time="9.077" tests="1" errors="0" skipped="0" failures="0">
  <properties>
[...]
</properties>
  <testcase name="contextLoads" classname="com.raymundo.tareas.TareasApplicationTests" time="0.624">
    <system-out><![CDATA[13:41:40.171 [main] INFO org.springframework.test.context.support.AnnotationConfigContextLoaderUtils -- Could not detect default configuration classes for test class [com.raymundo.tareas.TareasApplicationTests]: TareasApplicationTests does not declare any static, non-private, non-final, nested classes annotated with @Configuration.
13:41:40.290 [main] INFO org.springframework.boot.test.context.SpringBootTestContextBootstrapper -- Found @SpringBootConfiguration com.raymundo.tareas.TareasApplication for test class com.raymundo.tareas.TareasApplicationTests
13:41:40.534 [main] INFO org.springframework.boot.devtools.restart.RestartApplicationListener -- Restart disabled due to context in which it is running

  .   ____          _            __ _ _
 /\\ / ___'_ __ _ _(_)_ __  __ _ \ \ \ \
( ( )\___ | '_ | '_| | '_ \/ _` | \ \ \ \
 \\/  ___)| |_)| | | | | || (_| |  ) ) ) )
  '  |____| .__|_| |_|_| |_\__, | / / / /
 =========|_|==============|___/=/_/_/_/

 :: Spring Boot ::                (v4.0.0)

2025-12-12T13:41:41.026-06:00  INFO 27332 --- [tareas] [           main] c.r.tareas.TareasApplicationTests        : Starting TareasApplicationTests using Java 17.0.12 with PID 27332 (started by dev.sistem in c:\Users\dev.sistem\Desktop\tareas\tareas)
2025-12-12T13:41:41.030-06:00  INFO 27332 --- [tareas] [           main] c.r.tareas.TareasApplicationTests        : No active profile set, falling back to 1 default profile: "default"
2025-12-12T13:41:42.569-06:00  INFO 27332 --- [tareas] [           main] .s.d.r.c.RepositoryConfigurationDelegate : Bootstrapping Spring Data JPA repositories in DEFAULT mode.
2025-12-12T13:41:42.651-06:00  INFO 27332 --- [tareas] [           main] .s.d.r.c.RepositoryConfigurationDelegate : Finished Spring Data repository scanning in 67 ms. Found 1 JPA repository interface.
2025-12-12T13:41:43.490-06:00  INFO 27332 --- [tareas] [           main] o.hibernate.jpa.internal.util.LogHelper  : HHH000204: Processing PersistenceUnitInfo [name: default]
2025-12-12T13:41:43.628-06:00  INFO 27332 --- [tareas] [           main] org.hibernate.Version                    : HHH000412: Hibernate ORM core version 7.1.8.Final
2025-12-12T13:41:44.848-06:00  INFO 27332 --- [tareas] [           main] o.s.o.j.p.SpringPersistenceUnitInfo      : No LoadTimeWeaver setup: ignoring JPA class transformer
2025-12-12T13:41:44.894-06:00  INFO 27332 --- [tareas] [           main] com.zaxxer.hikari.HikariDataSource       : HikariPool-1 - Starting...
2025-12-12T13:41:45.161-06:00  INFO 27332 --- [tareas] [           main] com.zaxxer.hikari.pool.HikariPool        : HikariPool-1 - Added connection org.postgresql.jdbc.PgConnection@85c3522
2025-12-12T13:41:45.165-06:00  INFO 27332 --- [tareas] [           main] com.zaxxer.hikari.HikariDataSource       : HikariPool-1 - Start completed.
2025-12-12T13:41:45.256-06:00  WARN 27332 --- [tareas] [           main] org.hibernate.orm.deprecation            : HHH90000025: PostgreSQLDialect does not need to be specified explicitly using 'hibernate.dialect' (remove the property setting and it will be selected by default)
2025-12-12T13:41:45.323-06:00  INFO 27332 --- [tareas] [           main] org.hibernate.orm.connections.pooling    : HHH10001005: Database info:
	Database JDBC URL [jdbc:postgresql://localhost:5432/tareasdb]
	Database driver: PostgreSQL JDBC Driver
	Database dialect: PostgreSQLDialect
	Database version: 15.15
	Default catalog/schema: tareasdb/public
	Autocommit mode: undefined/unknown
	Isolation level: READ_COMMITTED [default READ_COMMITTED]
	JDBC fetch size: none
	Pool: DatasourceConnectionProviderImpl
	Minimum pool size: undefined/unknown
	Maximum pool size: undefined/unknown
2025-12-12T13:41:46.402-06:00  INFO 27332 --- [tareas] [           main] o.h.e.t.j.p.i.JtaPlatformInitiator       : HHH000489: No JTA platform available (set 'hibernate.transaction.jta.platform' to enable JTA platform integration)
2025-12-12T13:41:46.485-06:00  INFO 27332 --- [tareas] [           main] j.LocalContainerEntityManagerFactoryBean : Initialized JPA EntityManagerFactory for persistence unit 'default'
2025-12-12T13:41:46.626-06:00  INFO 27332 --- [tareas] [           main] o.s.d.j.r.query.QueryEnhancerFactories   : Hibernate is in classpath; If applicable, HQL parser will be used.
2025-12-12T13:41:47.004-06:00  WARN 27332 --- [tareas] [           main] JpaBaseConfiguration$JpaWebConfiguration : spring.jpa.open-in-view is enabled by default. Therefore, database queries may be performed during view rendering. Explicitly configure spring.jpa.open-in-view to disable this warning
2025-12-12T13:41:47.087-06:00  INFO 27332 --- [tareas] [           main] o.s.v.b.OptionalValidatorFactoryBean     : Failed to set up a Bean Validation provider: jakarta.validation.NoProviderFoundException: Unable to create a Configuration, because no Jakarta Validation provider could be found. Add a provider like Hibernate Validator (RI) to your classpath.
2025-12-12T13:41:48.292-06:00  INFO 27332 --- [tareas] [           main] c.r.tareas.TareasApplicationTests        : Started TareasApplicationTests in 7.775 seconds (process running for 9.594)
]]></system-out>
  </testcase>
</testsuite>